Arguments: 
  C:\Program Files\nodejs\node.exe D:\npmConfig\npm\node_modules\yarn\bin\yarn.js add -D vuepress

PATH: 
  C:\Python38\Scripts\;C:\Python38\;D:\Python27\;D:\Python27\Scripts;C:\Program Files (x86)\Common Files\Oracle\Java\javapath;C:\Windows\system32;C:\Windows;C:\Windows\System32\Wbem;C:\Windows\System32\WindowsPowerShell\v1.0\;C:\Windows\System32\OpenSSH\;C:\Program Files\Java\jdk1.8.0_171\bin;C:\Program Files (x86)\MySQL\MySQL Utilities 1.6\;C:\ProgramData\chocolatey\bin;C:\Program Files\dotnet\;C:\Program Files\Microsoft SQL Server\130\Tools\Binn\;C:\Program Files\Microsoft SQL Server\Client SDK\ODBC\170\Tools\Binn\;C:\Program Files\Git\cmd;C:\Users\jingyushan\AppData\Local\Microsoft\WindowsApps;C:\Users\jingyushan\AppData\Local\Programs\Microsoft VS Code\bin;D:\日常软件\Microsoft VS Code\bin;C:\Users\jingyushan\.dotnet\tools;C:\Users\jingyushan\AppData\Roaming\nvm;C:\Program Files\nodejs;D:\npmConfig\npm;D:\Python27;C:\Program Files\nodejs\;D:\Software\k8s;D:\GO_DEV\bin;D:\Go\bin;D:\apache-maven-3.5.2\bin;D:\BitSHHClient;C:\WINDOWS\system32;C:\WINDOWS;C:\WINDOWS\System32\Wbem;C:\WINDOWS\System32\WindowsPowerShell\v1.0\;C:\WINDOWS\System32\OpenSSH\;D:\ZCS\PowerShellCli;E:\Downloads\consul;C:\Users\jingyushan\AppData\Local\Microsoft\WindowsApps;C:\Users\jingyushan\AppData\Local\Programs\Microsoft VS Code\bin;D:\日常软件\Microsoft VS Code\bin;C:\Users\jingyushan\.dotnet\tools;C:\Users\jingyushan\AppData\Roaming\nvm;C:\Program Files\nodejs;D:\npmConfig\npm;C:\Users\jingyushan\AppData\Roaming\npm;D:\Software\k8s;C:\Users\jingyushan\go\bin;D:\GoLang\GoLand 2020.3\bin;;E:\Program Files\JetBrains\IntelliJ IDEA 2020.1.3\bin;;C:\Users\jingyushan\AppData\Local\Microsoft\WindowsApps;C:\Users\jingyushan\.dotnet\tools;E:\mingw64\bin;E:\Downloads\consul;

Yarn version: 
  1.22.5

Node version: 
  12.18.4

Platform: 
  win32 x64

Trace: 
  Error: ENOSPC: no space left on device, write

npm manifest: 
  {
    "scripts": {
      "docs:dev": "vuepress dev docs",
      "docs:build": "vuepress build docs"
    }
  }

yarn manifest: 
  No manifest

Lockfile: 
  No lockfile
